<?xml version="1.0" encoding="UTF-8"?>
<testsuite xmlns:xsi="http://www.w3.org/2001/XMLSchema-instance" xsi:noNamespaceSchemaLocation="https://maven.apache.org/surefire/maven-surefire-plugin/xsd/surefire-test-report-3.0.xsd" version="3.0" name="TestSuite" time="17.452" tests="7" errors="0" skipped="0" failures="0">
  <properties>
    <property name="gopherProxySet" value="false"/>
    <property name="awt.toolkit" value="sun.lwawt.macosx.LWCToolkit"/>
    <property name="java.specification.version" value="11"/>
    <property name="sun.cpu.isalist" value=""/>
    <property name="sun.jnu.encoding" value="UTF-8"/>
    <property name="java.class.path" value="/Users/suparnasoman/Documents/Eclipse-Workspace/MavenSample/target/test-classes:/Users/suparnasoman/Documents/Eclipse-Workspace/MavenSample/target/classes:/Users/suparnasoman/.m2/repository/org/seleniumhq/selenium/selenium-java/4.0.0-alpha-1/selenium-java-4.0.0-alpha-1.jar:/Users/suparnasoman/.m2/repository/org/seleniumhq/selenium/selenium-edge-driver/4.0.0-alpha-1/selenium-edge-driver-4.0.0-alpha-1.jar:/Users/suparnasoman/.m2/repository/org/seleniumhq/selenium/selenium-firefox-xpi-driver/4.0.0-alpha-1/selenium-firefox-xpi-driver-4.0.0-alpha-1.jar:/Users/suparnasoman/.m2/repository/org/seleniumhq/selenium/selenium-ie-driver/4.0.0-alpha-1/selenium-ie-driver-4.0.0-alpha-1.jar:/Users/suparnasoman/.m2/repository/org/seleniumhq/selenium/selenium-opera-driver/4.0.0-alpha-1/selenium-opera-driver-4.0.0-alpha-1.jar:/Users/suparnasoman/.m2/repository/org/seleniumhq/selenium/selenium-support/4.0.0-alpha-1/selenium-support-4.0.0-alpha-1.jar:/Users/suparnasoman/.m2/repository/org/seleniumhq/selenium/selenium-firefox-driver/3.141.59/selenium-firefox-driver-3.141.59.jar:/Users/suparnasoman/.m2/repository/org/seleniumhq/selenium/selenium-api/3.141.59/selenium-api-3.141.59.jar:/Users/suparnasoman/.m2/repository/org/seleniumhq/selenium/selenium-remote-driver/3.141.59/selenium-remote-driver-3.141.59.jar:/Users/suparnasoman/.m2/repository/net/bytebuddy/byte-buddy/1.8.15/byte-buddy-1.8.15.jar:/Users/suparnasoman/.m2/repository/org/apache/commons/commons-exec/1.3/commons-exec-1.3.jar:/Users/suparnasoman/.m2/repository/com/google/guava/guava/25.0-jre/guava-25.0-jre.jar:/Users/suparnasoman/.m2/repository/com/google/code/findbugs/jsr305/1.3.9/jsr305-1.3.9.jar:/Users/suparnasoman/.m2/repository/org/checkerframework/checker-compat-qual/2.0.0/checker-compat-qual-2.0.0.jar:/Users/suparnasoman/.m2/repository/com/google/errorprone/error_prone_annotations/2.1.3/error_prone_annotations-2.1.3.jar:/Users/suparnasoman/.m2/repository/com/google/j2objc/j2objc-annotations/1.1/j2objc-annotations-1.1.jar:/Users/suparnasoman/.m2/repository/org/codehaus/mojo/animal-sniffer-annotations/1.14/animal-sniffer-annotations-1.14.jar:/Users/suparnasoman/.m2/repository/com/squareup/okhttp3/okhttp/3.11.0/okhttp-3.11.0.jar:/Users/suparnasoman/.m2/repository/com/squareup/okio/okio/1.14.0/okio-1.14.0.jar:/Users/suparnasoman/.m2/repository/org/seleniumhq/selenium/selenium-chrome-driver/4.0.0-alpha-1/selenium-chrome-driver-4.0.0-alpha-1.jar:/Users/suparnasoman/.m2/repository/org/seleniumhq/selenium/selenium-safari-driver/3.141.59/selenium-safari-driver-3.141.59.jar:/Users/suparnasoman/.m2/repository/org/apache/poi/poi-ooxml/4.0.1/poi-ooxml-4.0.1.jar:/Users/suparnasoman/.m2/repository/org/apache/poi/poi/4.0.1/poi-4.0.1.jar:/Users/suparnasoman/.m2/repository/commons-codec/commons-codec/1.11/commons-codec-1.11.jar:/Users/suparnasoman/.m2/repository/org/apache/commons/commons-collections4/4.2/commons-collections4-4.2.jar:/Users/suparnasoman/.m2/repository/org/apache/commons/commons-math3/3.6.1/commons-math3-3.6.1.jar:/Users/suparnasoman/.m2/repository/org/apache/poi/poi-ooxml-schemas/4.0.1/poi-ooxml-schemas-4.0.1.jar:/Users/suparnasoman/.m2/repository/org/apache/xmlbeans/xmlbeans/3.0.2/xmlbeans-3.0.2.jar:/Users/suparnasoman/.m2/repository/org/apache/commons/commons-compress/1.18/commons-compress-1.18.jar:/Users/suparnasoman/.m2/repository/com/github/virtuald/curvesapi/1.05/curvesapi-1.05.jar:/Users/suparnasoman/.m2/repository/org/testng/testng/6.14.3/testng-6.14.3.jar:/Users/suparnasoman/.m2/repository/com/beust/jcommander/1.72/jcommander-1.72.jar:/Users/suparnasoman/.m2/repository/org/apache-extras/beanshell/bsh/2.0b6/bsh-2.0b6.jar:/Users/suparnasoman/.m2/repository/io/rest-assured/rest-assured/4.0.0/rest-assured-4.0.0.jar:/Users/suparnasoman/.m2/repository/org/codehaus/groovy/groovy/2.5.6/groovy-2.5.6.jar:/Users/suparnasoman/.m2/repository/org/codehaus/groovy/groovy-xml/2.5.6/groovy-xml-2.5.6.jar:/Users/suparnasoman/.m2/repository/org/apache/httpcomponents/httpclient/4.5.3/httpclient-4.5.3.jar:/Users/suparnasoman/.m2/repository/org/apache/httpcomponents/httpcore/4.4.6/httpcore-4.4.6.jar:/Users/suparnasoman/.m2/repository/commons-logging/commons-logging/1.2/commons-logging-1.2.jar:/Users/suparnasoman/.m2/repository/org/apache/httpcomponents/httpmime/4.5.3/httpmime-4.5.3.jar:/Users/suparnasoman/.m2/repository/org/hamcrest/hamcrest-core/2.1/hamcrest-core-2.1.jar:/Users/suparnasoman/.m2/repository/org/hamcrest/hamcrest/2.1/hamcrest-2.1.jar:/Users/suparnasoman/.m2/repository/org/hamcrest/hamcrest-library/2.1/hamcrest-library-2.1.jar:/Users/suparnasoman/.m2/repository/org/ccil/cowan/tagsoup/tagsoup/1.2.1/tagsoup-1.2.1.jar:/Users/suparnasoman/.m2/repository/io/rest-assured/json-path/4.0.0/json-path-4.0.0.jar:/Users/suparnasoman/.m2/repository/org/codehaus/groovy/groovy-json/2.5.6/groovy-json-2.5.6.jar:/Users/suparnasoman/.m2/repository/io/rest-assured/rest-assured-common/4.0.0/rest-assured-common-4.0.0.jar:/Users/suparnasoman/.m2/repository/io/rest-assured/xml-path/4.0.0/xml-path-4.0.0.jar:/Users/suparnasoman/.m2/repository/javax/xml/bind/jaxb-api/2.2.12/jaxb-api-2.2.12.jar:/Users/suparnasoman/.m2/repository/com/sun/xml/bind/jaxb-osgi/2.2.10/jaxb-osgi-2.2.10.jar:/Users/suparnasoman/.m2/repository/org/apache/sling/org.apache.sling.javax.activation/0.1.0/org.apache.sling.javax.activation-0.1.0.jar:/Users/suparnasoman/.m2/repository/javax/activation/activation/1.1.1/activation-1.1.1.jar:/Users/suparnasoman/.m2/repository/log4j/log4j/1.2.17/log4j-1.2.17.jar:/Users/suparnasoman/.m2/repository/io/appium/java-client/7.0.0/java-client-7.0.0.jar:/Users/suparnasoman/.m2/repository/com/google/code/gson/gson/2.8.5/gson-2.8.5.jar:/Users/suparnasoman/.m2/repository/cglib/cglib/3.2.8/cglib-3.2.8.jar:/Users/suparnasoman/.m2/repository/org/ow2/asm/asm/6.2.1/asm-6.2.1.jar:/Users/suparnasoman/.m2/repository/org/apache/ant/ant/1.10.3/ant-1.10.3.jar:/Users/suparnasoman/.m2/repository/org/apache/ant/ant-launcher/1.10.3/ant-launcher-1.10.3.jar:/Users/suparnasoman/.m2/repository/commons-validator/commons-validator/1.6/commons-validator-1.6.jar:/Users/suparnasoman/.m2/repository/commons-beanutils/commons-beanutils/1.9.2/commons-beanutils-1.9.2.jar:/Users/suparnasoman/.m2/repository/commons-digester/commons-digester/1.8.1/commons-digester-1.8.1.jar:/Users/suparnasoman/.m2/repository/commons-collections/commons-collections/3.2.2/commons-collections-3.2.2.jar:/Users/suparnasoman/.m2/repository/org/apache/commons/commons-lang3/3.8/commons-lang3-3.8.jar:/Users/suparnasoman/.m2/repository/commons-io/commons-io/2.6/commons-io-2.6.jar:/Users/suparnasoman/.m2/repository/org/springframework/spring-context/5.1.0.RELEASE/spring-context-5.1.0.RELEASE.jar:/Users/suparnasoman/.m2/repository/org/springframework/spring-aop/5.1.0.RELEASE/spring-aop-5.1.0.RELEASE.jar:/Users/suparnasoman/.m2/repository/org/springframework/spring-beans/5.1.0.RELEASE/spring-beans-5.1.0.RELEASE.jar:/Users/suparnasoman/.m2/repository/org/springframework/spring-core/5.1.0.RELEASE/spring-core-5.1.0.RELEASE.jar:/Users/suparnasoman/.m2/repository/org/springframework/spring-jcl/5.1.0.RELEASE/spring-jcl-5.1.0.RELEASE.jar:/Users/suparnasoman/.m2/repository/org/springframework/spring-expression/5.1.0.RELEASE/spring-expression-5.1.0.RELEASE.jar:/Users/suparnasoman/.m2/repository/org/aspectj/aspectjweaver/1.9.1/aspectjweaver-1.9.1.jar:/Users/suparnasoman/.m2/repository/org/slf4j/slf4j-api/1.7.25/slf4j-api-1.7.25.jar:/Users/suparnasoman/.m2/repository/com/aventstack/extentreports/4.0.9/extentreports-4.0.9.jar:/Users/suparnasoman/.m2/repository/org/freemarker/freemarker/2.3.23/freemarker-2.3.23.jar:/Users/suparnasoman/.m2/repository/org/mongodb/mongodb-driver/3.3.0/mongodb-driver-3.3.0.jar:/Users/suparnasoman/.m2/repository/org/mongodb/mongodb-driver-core/3.3.0/mongodb-driver-core-3.3.0.jar:/Users/suparnasoman/.m2/repository/org/mongodb/bson/3.3.0/bson-3.3.0.jar:/Users/suparnasoman/.m2/repository/com/relevantcodes/extentreports/2.41.2/extentreports-2.41.2.jar:/Users/suparnasoman/.m2/repository/org/jsoup/jsoup/1.8.3/jsoup-1.8.3.jar:/Users/suparnasoman/.m2/repository/org/xerial/sqlite-jdbc/3.8.11.1/sqlite-jdbc-3.8.11.1.jar:"/>
    <property name="java.vm.vendor" value="Oracle Corporation"/>
    <property name="sun.arch.data.model" value="64"/>
    <property name="java.vendor.url" value="http://java.oracle.com/"/>
    <property name="user.timezone" value=""/>
    <property name="java.vm.specification.version" value="11"/>
    <property name="os.name" value="Mac OS X"/>
    <property name="sun.java.launcher" value="SUN_STANDARD"/>
    <property name="user.country" value="CA"/>
    <property name="sun.boot.library.path" value="/Library/Java/JavaVirtualMachines/jdk-11.0.1.jdk/Contents/Home/lib"/>
    <property name="sun.java.command" value="/Users/suparnasoman/Documents/Eclipse-Workspace/MavenSample/target/surefire/surefirebooter16270487595424251735.jar /Users/suparnasoman/Documents/Eclipse-Workspace/MavenSample/target/surefire 2019-06-07T15-58-17_594-jvmRun1 surefire12295936123503293727tmp surefire_03261472899815154720tmp"/>
    <property name="jdk.debug" value="release"/>
    <property name="surefire.test.class.path" value="/Users/suparnasoman/Documents/Eclipse-Workspace/MavenSample/target/test-classes:/Users/suparnasoman/Documents/Eclipse-Workspace/MavenSample/target/classes:/Users/suparnasoman/.m2/repository/org/seleniumhq/selenium/selenium-java/4.0.0-alpha-1/selenium-java-4.0.0-alpha-1.jar:/Users/suparnasoman/.m2/repository/org/seleniumhq/selenium/selenium-edge-driver/4.0.0-alpha-1/selenium-edge-driver-4.0.0-alpha-1.jar:/Users/suparnasoman/.m2/repository/org/seleniumhq/selenium/selenium-firefox-xpi-driver/4.0.0-alpha-1/selenium-firefox-xpi-driver-4.0.0-alpha-1.jar:/Users/suparnasoman/.m2/repository/org/seleniumhq/selenium/selenium-ie-driver/4.0.0-alpha-1/selenium-ie-driver-4.0.0-alpha-1.jar:/Users/suparnasoman/.m2/repository/org/seleniumhq/selenium/selenium-opera-driver/4.0.0-alpha-1/selenium-opera-driver-4.0.0-alpha-1.jar:/Users/suparnasoman/.m2/repository/org/seleniumhq/selenium/selenium-support/4.0.0-alpha-1/selenium-support-4.0.0-alpha-1.jar:/Users/suparnasoman/.m2/repository/org/seleniumhq/selenium/selenium-firefox-driver/3.141.59/selenium-firefox-driver-3.141.59.jar:/Users/suparnasoman/.m2/repository/org/seleniumhq/selenium/selenium-api/3.141.59/selenium-api-3.141.59.jar:/Users/suparnasoman/.m2/repository/org/seleniumhq/selenium/selenium-remote-driver/3.141.59/selenium-remote-driver-3.141.59.jar:/Users/suparnasoman/.m2/repository/net/bytebuddy/byte-buddy/1.8.15/byte-buddy-1.8.15.jar:/Users/suparnasoman/.m2/repository/org/apache/commons/commons-exec/1.3/commons-exec-1.3.jar:/Users/suparnasoman/.m2/repository/com/google/guava/guava/25.0-jre/guava-25.0-jre.jar:/Users/suparnasoman/.m2/repository/com/google/code/findbugs/jsr305/1.3.9/jsr305-1.3.9.jar:/Users/suparnasoman/.m2/repository/org/checkerframework/checker-compat-qual/2.0.0/checker-compat-qual-2.0.0.jar:/Users/suparnasoman/.m2/repository/com/google/errorprone/error_prone_annotations/2.1.3/error_prone_annotations-2.1.3.jar:/Users/suparnasoman/.m2/repository/com/google/j2objc/j2objc-annotations/1.1/j2objc-annotations-1.1.jar:/Users/suparnasoman/.m2/repository/org/codehaus/mojo/animal-sniffer-annotations/1.14/animal-sniffer-annotations-1.14.jar:/Users/suparnasoman/.m2/repository/com/squareup/okhttp3/okhttp/3.11.0/okhttp-3.11.0.jar:/Users/suparnasoman/.m2/repository/com/squareup/okio/okio/1.14.0/okio-1.14.0.jar:/Users/suparnasoman/.m2/repository/org/seleniumhq/selenium/selenium-chrome-driver/4.0.0-alpha-1/selenium-chrome-driver-4.0.0-alpha-1.jar:/Users/suparnasoman/.m2/repository/org/seleniumhq/selenium/selenium-safari-driver/3.141.59/selenium-safari-driver-3.141.59.jar:/Users/suparnasoman/.m2/repository/org/apache/poi/poi-ooxml/4.0.1/poi-ooxml-4.0.1.jar:/Users/suparnasoman/.m2/repository/org/apache/poi/poi/4.0.1/poi-4.0.1.jar:/Users/suparnasoman/.m2/repository/commons-codec/commons-codec/1.11/commons-codec-1.11.jar:/Users/suparnasoman/.m2/repository/org/apache/commons/commons-collections4/4.2/commons-collections4-4.2.jar:/Users/suparnasoman/.m2/repository/org/apache/commons/commons-math3/3.6.1/commons-math3-3.6.1.jar:/Users/suparnasoman/.m2/repository/org/apache/poi/poi-ooxml-schemas/4.0.1/poi-ooxml-schemas-4.0.1.jar:/Users/suparnasoman/.m2/repository/org/apache/xmlbeans/xmlbeans/3.0.2/xmlbeans-3.0.2.jar:/Users/suparnasoman/.m2/repository/org/apache/commons/commons-compress/1.18/commons-compress-1.18.jar:/Users/suparnasoman/.m2/repository/com/github/virtuald/curvesapi/1.05/curvesapi-1.05.jar:/Users/suparnasoman/.m2/repository/org/testng/testng/6.14.3/testng-6.14.3.jar:/Users/suparnasoman/.m2/repository/com/beust/jcommander/1.72/jcommander-1.72.jar:/Users/suparnasoman/.m2/repository/org/apache-extras/beanshell/bsh/2.0b6/bsh-2.0b6.jar:/Users/suparnasoman/.m2/repository/io/rest-assured/rest-assured/4.0.0/rest-assured-4.0.0.jar:/Users/suparnasoman/.m2/repository/org/codehaus/groovy/groovy/2.5.6/groovy-2.5.6.jar:/Users/suparnasoman/.m2/repository/org/codehaus/groovy/groovy-xml/2.5.6/groovy-xml-2.5.6.jar:/Users/suparnasoman/.m2/repository/org/apache/httpcomponents/httpclient/4.5.3/httpclient-4.5.3.jar:/Users/suparnasoman/.m2/repository/org/apache/httpcomponents/httpcore/4.4.6/httpcore-4.4.6.jar:/Users/suparnasoman/.m2/repository/commons-logging/commons-logging/1.2/commons-logging-1.2.jar:/Users/suparnasoman/.m2/repository/org/apache/httpcomponents/httpmime/4.5.3/httpmime-4.5.3.jar:/Users/suparnasoman/.m2/repository/org/hamcrest/hamcrest-core/2.1/hamcrest-core-2.1.jar:/Users/suparnasoman/.m2/repository/org/hamcrest/hamcrest/2.1/hamcrest-2.1.jar:/Users/suparnasoman/.m2/repository/org/hamcrest/hamcrest-library/2.1/hamcrest-library-2.1.jar:/Users/suparnasoman/.m2/repository/org/ccil/cowan/tagsoup/tagsoup/1.2.1/tagsoup-1.2.1.jar:/Users/suparnasoman/.m2/repository/io/rest-assured/json-path/4.0.0/json-path-4.0.0.jar:/Users/suparnasoman/.m2/repository/org/codehaus/groovy/groovy-json/2.5.6/groovy-json-2.5.6.jar:/Users/suparnasoman/.m2/repository/io/rest-assured/rest-assured-common/4.0.0/rest-assured-common-4.0.0.jar:/Users/suparnasoman/.m2/repository/io/rest-assured/xml-path/4.0.0/xml-path-4.0.0.jar:/Users/suparnasoman/.m2/repository/javax/xml/bind/jaxb-api/2.2.12/jaxb-api-2.2.12.jar:/Users/suparnasoman/.m2/repository/com/sun/xml/bind/jaxb-osgi/2.2.10/jaxb-osgi-2.2.10.jar:/Users/suparnasoman/.m2/repository/org/apache/sling/org.apache.sling.javax.activation/0.1.0/org.apache.sling.javax.activation-0.1.0.jar:/Users/suparnasoman/.m2/repository/javax/activation/activation/1.1.1/activation-1.1.1.jar:/Users/suparnasoman/.m2/repository/log4j/log4j/1.2.17/log4j-1.2.17.jar:/Users/suparnasoman/.m2/repository/io/appium/java-client/7.0.0/java-client-7.0.0.jar:/Users/suparnasoman/.m2/repository/com/google/code/gson/gson/2.8.5/gson-2.8.5.jar:/Users/suparnasoman/.m2/repository/cglib/cglib/3.2.8/cglib-3.2.8.jar:/Users/suparnasoman/.m2/repository/org/ow2/asm/asm/6.2.1/asm-6.2.1.jar:/Users/suparnasoman/.m2/repository/org/apache/ant/ant/1.10.3/ant-1.10.3.jar:/Users/suparnasoman/.m2/repository/org/apache/ant/ant-launcher/1.10.3/ant-launcher-1.10.3.jar:/Users/suparnasoman/.m2/repository/commons-validator/commons-validator/1.6/commons-validator-1.6.jar:/Users/suparnasoman/.m2/repository/commons-beanutils/commons-beanutils/1.9.2/commons-beanutils-1.9.2.jar:/Users/suparnasoman/.m2/repository/commons-digester/commons-digester/1.8.1/commons-digester-1.8.1.jar:/Users/suparnasoman/.m2/repository/commons-collections/commons-collections/3.2.2/commons-collections-3.2.2.jar:/Users/suparnasoman/.m2/repository/org/apache/commons/commons-lang3/3.8/commons-lang3-3.8.jar:/Users/suparnasoman/.m2/repository/commons-io/commons-io/2.6/commons-io-2.6.jar:/Users/suparnasoman/.m2/repository/org/springframework/spring-context/5.1.0.RELEASE/spring-context-5.1.0.RELEASE.jar:/Users/suparnasoman/.m2/repository/org/springframework/spring-aop/5.1.0.RELEASE/spring-aop-5.1.0.RELEASE.jar:/Users/suparnasoman/.m2/repository/org/springframework/spring-beans/5.1.0.RELEASE/spring-beans-5.1.0.RELEASE.jar:/Users/suparnasoman/.m2/repository/org/springframework/spring-core/5.1.0.RELEASE/spring-core-5.1.0.RELEASE.jar:/Users/suparnasoman/.m2/repository/org/springframework/spring-jcl/5.1.0.RELEASE/spring-jcl-5.1.0.RELEASE.jar:/Users/suparnasoman/.m2/repository/org/springframework/spring-expression/5.1.0.RELEASE/spring-expression-5.1.0.RELEASE.jar:/Users/suparnasoman/.m2/repository/org/aspectj/aspectjweaver/1.9.1/aspectjweaver-1.9.1.jar:/Users/suparnasoman/.m2/repository/org/slf4j/slf4j-api/1.7.25/slf4j-api-1.7.25.jar:/Users/suparnasoman/.m2/repository/com/aventstack/extentreports/4.0.9/extentreports-4.0.9.jar:/Users/suparnasoman/.m2/repository/org/freemarker/freemarker/2.3.23/freemarker-2.3.23.jar:/Users/suparnasoman/.m2/repository/org/mongodb/mongodb-driver/3.3.0/mongodb-driver-3.3.0.jar:/Users/suparnasoman/.m2/repository/org/mongodb/mongodb-driver-core/3.3.0/mongodb-driver-core-3.3.0.jar:/Users/suparnasoman/.m2/repository/org/mongodb/bson/3.3.0/bson-3.3.0.jar:/Users/suparnasoman/.m2/repository/com/relevantcodes/extentreports/2.41.2/extentreports-2.41.2.jar:/Users/suparnasoman/.m2/repository/org/jsoup/jsoup/1.8.3/jsoup-1.8.3.jar:/Users/suparnasoman/.m2/repository/org/xerial/sqlite-jdbc/3.8.11.1/sqlite-jdbc-3.8.11.1.jar:"/>
    <property name="sun.cpu.endian" value="little"/>
    <property name="user.home" value="/Users/suparnasoman"/>
    <property name="user.language" value="en"/>
    <property name="java.specification.vendor" value="Oracle Corporation"/>
    <property name="java.version.date" value="2018-10-16"/>
    <property name="java.home" value="/Library/Java/JavaVirtualMachines/jdk-11.0.1.jdk/Contents/Home"/>
    <property name="file.separator" value="/"/>
    <property name="basedir" value="/Users/suparnasoman/Documents/Eclipse-Workspace/MavenSample"/>
    <property name="java.vm.compressedOopsMode" value="Zero based"/>
    <property name="line.separator" value="&#10;"/>
    <property name="java.specification.name" value="Java Platform API Specification"/>
    <property name="java.vm.specification.vendor" value="Oracle Corporation"/>
    <property name="java.awt.graphicsenv" value="sun.awt.CGraphicsEnvironment"/>
    <property name="surefire.real.class.path" value="/Users/suparnasoman/Documents/Eclipse-Workspace/MavenSample/target/surefire/surefirebooter16270487595424251735.jar"/>
    <property name="sun.management.compiler" value="HotSpot 64-Bit Tiered Compilers"/>
    <property name="java.runtime.version" value="11.0.1+13-LTS"/>
    <property name="user.name" value="suparnasoman"/>
    <property name="path.separator" value=":"/>
    <property name="os.version" value="10.14.5"/>
    <property name="java.runtime.name" value="Java(TM) SE Runtime Environment"/>
    <property name="file.encoding" value="UTF-8"/>
    <property name="java.vm.name" value="Java HotSpot(TM) 64-Bit Server VM"/>
    <property name="java.vendor.version" value="18.9"/>
    <property name="localRepository" value="/Users/suparnasoman/.m2/repository"/>
    <property name="java.vendor.url.bug" value="http://bugreport.java.com/bugreport/"/>
    <property name="java.io.tmpdir" value="/var/folders/7c/zzy2bqnd6rq8jwxqmgj5mtkm0000gp/T/"/>
    <property name="java.version" value="11.0.1"/>
    <property name="user.dir" value="/Users/suparnasoman/Documents/Eclipse-Workspace/MavenSample"/>
    <property name="os.arch" value="x86_64"/>
    <property name="java.vm.specification.name" value="Java Virtual Machine Specification"/>
    <property name="java.awt.printerjob" value="sun.lwawt.macosx.CPrinterJob"/>
    <property name="sun.os.patch.level" value="unknown"/>
    <property name="java.library.path" value="/Users/suparnasoman/Library/Java/Extensions:/Library/Java/Extensions:/Network/Library/Java/Extensions:/System/Library/Java/Extensions:/usr/lib/java:."/>
    <property name="java.vendor" value="Oracle Corporation"/>
    <property name="java.vm.info" value="mixed mode"/>
    <property name="java.vm.version" value="11.0.1+13-LTS"/>
    <property name="sun.io.unicode.encoding" value="UnicodeBig"/>
    <property name="java.class.version" value="55.0"/>
  </properties>
  <testcase name="DeleteTwitter" classname="Ma.RestAPITest" time="0.011"/>
  <testcase name="PostJIRA" classname="Ma.RestAPITest" time="0"/>
  <testcase name="BrowserTest" classname="Ma.SeleniumTest" time="0.001"/>
  <testcase name="SecondBrowserTest" classname="Ma.SeleniumTest" time="0.002"/>
  <testcase name="NativeAndroid" classname="Ma.AppiumTest" time="0.001"/>
  <testcase name="NativeiOS" classname="Ma.AppiumTest" time="0.001"/>
  <testcase name="Search" classname="Ma.SearchTest" time="0.401"/>
</testsuite>