<?xml version="1.0" encoding="UTF-8"?>
<!-- Generated by org.testng.reporters.JUnitReportReporter -->
<testsuite hostname="MBPe15C02S82S9FVH6.local" failures="0" tests="2" name="Ma.AppiumTest" time="0.024" errors="0" timestamp="07 Jun. 2019 20:03:16 GMT" skipped="0">
  <testcase classname="Ma.AppiumTest" name="NativeiOS" time="0.015"/>
  <testcase classname="Ma.AppiumTest" name="NativeAndroid" time="0.009"/>
</testsuite> <!-- Ma.AppiumTest -->
