<?xml version="1.0" encoding="UTF-8"?>
<!-- Generated by org.testng.reporters.JUnitReportReporter -->
<testsuite hostname="MBPe15C02S82S9FVH6.local" failures="0" tests="1" name="Ma.MovelistTest" time="8.663" errors="0" timestamp="07 Jun. 2019 20:03:16 GMT" skipped="0">
  <testcase classname="Ma.MovelistTest" name="Movelist" time="8.663"/>
</testsuite> <!-- Ma.MovelistTest -->
