<?xml version="1.0" encoding="UTF-8"?>
<!-- Generated by org.testng.reporters.JUnitReportReporter -->
<testsuite hostname="MBPe15C02S82S9FVH6.local" failures="0" tests="1" name="Ma.MovelistTest" time="8.124" errors="0" timestamp="10 Jun. 2019 18:07:20 GMT" skipped="0">
  <testcase classname="Ma.MovelistTest" name="Movelist" time="8.124"/>
</testsuite> <!-- Ma.MovelistTest -->
