<?xml version="1.0" encoding="UTF-8"?>
<!-- Generated by org.testng.reporters.JUnitReportReporter -->
<testsuite hostname="MBPe15C02S82S9FVH6.local" failures="0" tests="2" name="Ma.RestAPITest" time="0.011" errors="0" timestamp="07 Jun. 2019 19:58:36 GMT" skipped="0">
  <testcase classname="Ma.RestAPITest" name="PostJIRA" time="0.000"/>
  <testcase classname="Ma.RestAPITest" name="DeleteTwitter" time="0.011"/>
</testsuite> <!-- Ma.RestAPITest -->
