<?xml version="1.0" encoding="UTF-8"?>
<!-- Generated by org.testng.reporters.JUnitReportReporter -->
<testsuite hostname="MBPe15C02S82S9FVH6.local" failures="0" tests="1" name="Ma.SearchTest" time="11.468" errors="0" timestamp="07 Jun. 2019 19:58:36 GMT" skipped="0">
  <testcase classname="Ma.SearchTest" name="Search" time="11.468"/>
</testsuite> <!-- Ma.SearchTest -->
