<?xml version="1.0" encoding="UTF-8"?>
<!-- Generated by org.testng.reporters.JUnitReportReporter -->
<testsuite hostname="MBPe15C02S82S9FVH6.local" failures="0" tests="2" name="Ma.AppiumTest" time="0.001" errors="0" timestamp="10 Jun. 2019 18:07:20 GMT" skipped="0">
  <testcase classname="Ma.AppiumTest" name="NativeiOS" time="0.001"/>
  <testcase classname="Ma.AppiumTest" name="NativeAndroid" time="0.000"/>
</testsuite> <!-- Ma.AppiumTest -->
