<?xml version="1.0" encoding="UTF-8"?>
<!-- Generated by org.testng.reporters.JUnitReportReporter -->
<testsuite hostname="MBPe15C02S82S9FVH6.local" failures="0" tests="2" name="Ma.RestAPITest" time="0.009" errors="0" timestamp="10 Jun. 2019 18:07:20 GMT" skipped="0">
  <testcase classname="Ma.RestAPITest" name="DeleteTwitter" time="0.008"/>
  <testcase classname="Ma.RestAPITest" name="PostJIRA" time="0.001"/>
</testsuite> <!-- Ma.RestAPITest -->
